<?xml version="1.0" encoding="UTF-8"?>
<!-- Generated by org.testng.reporters.JUnitReportReporter -->
<testsuite hostname="PRINHYLTPHP0513" name="testcases.NewTest" tests="1" failures="0" timestamp="25 Jan 2018 08:40:09 GMT" time="17.549" errors="0">
  <testcase name="f" time="17.549" classname="testcases.NewTest"/>
</testsuite> <!-- testcases.NewTest -->
