<?xml version="1.0" encoding="UTF-8"?>
<!-- Generated by org.testng.reporters.JUnitReportReporter -->
<testsuite hostname="PRINHYLTPHP0513" name="testcases.ExcelTest" tests="1" failures="0" timestamp="31 Jan 2018 06:43:45 GMT" time="0.741" errors="0">
  <testcase name="excelTest" time="0.741" classname="testcases.ExcelTest"/>
</testsuite> <!-- testcases.ExcelTest -->
