<?xml version="1.0" encoding="UTF-8"?>
<!-- Generated by org.testng.reporters.JUnitReportReporter -->
<testsuite hostname="PRINHYLTPHP0513" name="util.ExcelUtil" tests="1" failures="0" timestamp="30 Jan 2018 10:01:54 GMT" time="0.792" errors="0">
  <testcase name="getExcelData" time="0.792" classname="util.ExcelUtil"/>
</testsuite> <!-- util.ExcelUtil -->
