<?xml version="1.0" encoding="UTF-8"?>
<!-- Generated by org.testng.reporters.JUnitReportReporter -->
<testsuite hostname="PRINHYLTPHP0513" name="testcases.LoginTest" tests="1" failures="0" timestamp="2 Feb 2018 05:56:42 GMT" time="22.153" errors="0">
  <testcase name="loginTest" time="22.153" classname="testcases.LoginTest"/>
</testsuite> <!-- testcases.LoginTest -->
